<?xml version="1.0" encoding="UTF-8"?>
<!-- Generated by org.testng.reporters.JUnitReportReporter -->
<testsuite hostname="DESKTOP-6AG2VUU" failures="0" tests="1" name="get.GetUsers" time="5.104" errors="0" timestamp="2023-06-03T10:18:46 PDT" skipped="0">
  <testcase classname="get.GetUsers" name="Get" time="5.104"/>
  <system-out/>
</testsuite> <!-- get.GetUsers -->
