<?xml version="1.0" encoding="UTF-8"?>
<!-- Generated by org.testng.reporters.JUnitReportReporter -->
<testsuite hostname="DESKTOP-6AG2VUU" failures="0" tests="1" name="post.Store_Order" time="22.286" errors="0" timestamp="2023-06-03T10:32:42 PDT" skipped="0">
  <testcase classname="post.Store_Order" name="Post" time="22.286"/>
  <system-out/>
</testsuite> <!-- post.Store_Order -->
