<?xml version="1.0" encoding="UTF-8"?>
<!-- Generated by org.testng.reporters.JUnitReportReporter -->
<testsuite hostname="DESKTOP-6AG2VUU" failures="0" tests="2" name="apichainning.chainning" time="21.028" errors="0" timestamp="2023-06-03T10:48:57 PDT" skipped="0">
  <testcase classname="apichainning.chainning" name="Post" time="19.242"/>
  <system-out/>
  <testcase classname="apichainning.chainning" name="Delete" time="1.786"/>
  <system-out/>
</testsuite> <!-- apichainning.chainning -->
